2018-Nov-02 17:27:28 Наличие необходимых модулей php (check_php_modules): Ok
Все необходимые модули установлены
2018-Nov-02 17:27:29 Обязательные параметры PHP (check_php_settings): Ok
Настройки правильные
2018-Nov-02 17:27:29 Модули веб-сервера (check_security): Ok
Конфликтов не выявлено
2018-Nov-02 17:27:29 Значения переменных сервера (check_server_vars): Ok
Корректные
2018-Nov-02 17:27:29 Сохранение сессии (check_session): Ok
50% done
2018-Nov-02 17:27:29 Сохранение сессии (check_session): Ok
Успешно
2018-Nov-02 17:27:29 Параметры настройки UTF (mbstring и константа BX_UTF) (check_mbstring): Ok
Правильные. Сайт работает в однобайтовой кодировке
2018-Nov-02 17:27:29 Служебные скрипты в корне сайта (check_install_scripts): Ok
Отсутствуют
2018-Nov-02 17:27:29 Работа с сокетами (check_socket): Ok
Connection to ssl://technoraum.ru:443	Success

Успешно
2018-Nov-02 17:27:29 Выполнение агентов на cron (check_bx_crontab): Warning
Замечание. Агенты выполняются на хитах, рекомендуется перевести выполнение агентов на cron
2018-Nov-02 17:27:29 Параметры подключения к базе данных (check_dbconn_settings): Ok
Успешно
2018-Nov-02 17:27:29 Лишний вывод в файлах конфигурации (check_dbconn): Ok
Connection to ssl://technoraum.ru:443	Success

Успешно
2018-Nov-02 17:27:29 Сохранение сессии без UserAgent (check_session_ua): Ok
50% done
Connection to ssl://technoraum.ru:443	Success

2018-Nov-02 17:27:29 Сохранение сессии без UserAgent (check_session_ua): Ok
Connection to ssl://technoraum.ru:443	Success

Успешно
2018-Nov-02 17:27:30 Настройки сайтов (check_sites): Ok
Правильные
2018-Nov-02 17:27:30 Передача объектов по ссылке (check_clone): Ok
Успешно
2018-Nov-02 17:27:30 Размер стека и pcre.recursion_limit (check_pcre_recursion): Warning
Connection to ssl://technoraum.ru:443	Success

Замечание. Возможны проблемы в работе с длинными строками из-за системных ограничений
2018-Nov-02 17:27:30 Загрузка файла (check_upload): Ok
Connection to ssl://technoraum.ru:443	Success

Успешно
2018-Nov-02 17:27:30 Загрузка файла больше 4Мб (check_upload_big): Ok
Connection to ssl://technoraum.ru:443	Success

Успешно
2018-Nov-02 17:27:30 Загрузка файла через php://input (check_upload_raw): Ok
Connection to ssl://technoraum.ru:443	Success

Успешно
2018-Nov-02 17:27:30 Передача POST запроса с большим числом параметров (check_post): Ok
Connection to ssl://technoraum.ru:443	Success

Успешно
2018-Nov-02 17:27:30 Отправка почты (check_mail): Ok
Успешно
2018-Nov-02 17:27:30 Отправка почтового сообщения больше 64Кб (check_mail_big): Ok
Успешно
2018-Nov-02 17:27:30 Проверка на наличие неотправленных сообщений (check_mail_b_event): Ok
Успешно
2018-Nov-02 17:27:30 Внутреннее перенаправление (функция LocalRedirect) (check_localredirect): Ok
50% done
Connection to ssl://technoraum.ru:443	Success

2018-Nov-02 17:27:30 Внутреннее перенаправление (функция LocalRedirect) (check_localredirect): Ok
Connection to ssl://technoraum.ru:443	Success

Успешно
2018-Nov-02 17:27:30 Фактическое ограничение памяти (check_memory_limit): Ok
20% done
Connection to ssl://technoraum.ru:443	Success

2018-Nov-02 17:27:31 Фактическое ограничение памяти (check_memory_limit): Ok
40% done
Connection to ssl://technoraum.ru:443	Success

2018-Nov-02 17:27:31 Фактическое ограничение памяти (check_memory_limit): Ok
60% done
Connection to ssl://technoraum.ru:443	Success

2018-Nov-02 17:27:31 Фактическое ограничение памяти (check_memory_limit): Ok
80% done
Connection to ssl://technoraum.ru:443	Success

2018-Nov-02 17:27:31 Фактическое ограничение памяти (check_memory_limit): Ok
Connection to ssl://technoraum.ru:443	Success

Не менее 256 М
2018-Nov-02 17:27:31 Работа с файлами кеша (check_cache): Ok
Успешно
2018-Nov-02 17:27:31 Доступ к серверу обновлений (check_update): Ok
Успешно
2018-Nov-02 17:27:31 HTTP авторизация (check_http_auth): Ok
Connection to ssl://technoraum.ru:443	Success

Успешно
2018-Nov-02 17:27:32 Создание и запуск файла (check_exec): Ok
Connection to ssl://technoraum.ru:443	Success

Успешно
2018-Nov-02 17:27:32 Функция getimagesize для swf (check_getimagesize): Ok
Успешно
2018-Nov-02 17:27:32 Версия MySQL-сервера (check_mysql_bug_version): Ok
Успешно
2018-Nov-02 17:27:33 Время на БД и веб-сервере (check_mysql_time): Ok
Успешно
2018-Nov-02 17:27:33 Режим работы MySQL (check_mysql_mode): Ok
Успешно
2018-Nov-02 17:27:33 Кодировка соединения (check_mysql_connection_charset): Ok
character_set_connection=cp1251, collation_connection=cp1251_general_ci, character_set_results=cp1251
Успешно
2018-Nov-02 17:27:33 Кодировка базы данных (check_mysql_db_charset): Ok
CHARSET=cp1251, COLLATION=cp1251_general_ci
Успешно
2018-Nov-02 17:27:33 Кодировки таблиц в БД (check_mysql_table_charset): Ok
Успешно
2018-Nov-02 17:27:33 Структура базы данных (check_mysql_table_structure): Ok
0% done
2018-Nov-02 17:27:33 Структура базы данных (check_mysql_table_structure): Ok
1% done
2018-Nov-02 17:27:34 Структура базы данных (check_mysql_table_structure): Ok
3% done
2018-Nov-02 17:27:34 Структура базы данных (check_mysql_table_structure): Ok
5% done
2018-Nov-02 17:27:34 Структура базы данных (check_mysql_table_structure): Ok
7% done
2018-Nov-02 17:27:34 Структура базы данных (check_mysql_table_structure): Ok
9% done
2018-Nov-02 17:27:35 Структура базы данных (check_mysql_table_structure): Ok
11% done
2018-Nov-02 17:27:35 Структура базы данных (check_mysql_table_structure): Ok
13% done
2018-Nov-02 17:27:35 Структура базы данных (check_mysql_table_structure): Ok
15% done
2018-Nov-02 17:27:35 Структура базы данных (check_mysql_table_structure): Ok
16% done
2018-Nov-02 17:27:35 Структура базы данных (check_mysql_table_structure): Ok
18% done
2018-Nov-02 17:27:35 Структура базы данных (check_mysql_table_structure): Ok
20% done
2018-Nov-02 17:27:35 Структура базы данных (check_mysql_table_structure): Ok
22% done
2018-Nov-02 17:27:36 Структура базы данных (check_mysql_table_structure): Ok
24% done
2018-Nov-02 17:27:36 Структура базы данных (check_mysql_table_structure): Ok
26% done
2018-Nov-02 17:27:37 Структура базы данных (check_mysql_table_structure): Ok
28% done
2018-Nov-02 17:27:37 Структура базы данных (check_mysql_table_structure): Ok
30% done
2018-Nov-02 17:27:37 Структура базы данных (check_mysql_table_structure): Ok
32% done
2018-Nov-02 17:27:37 Структура базы данных (check_mysql_table_structure): Ok
33% done
2018-Nov-02 17:27:37 Структура базы данных (check_mysql_table_structure): Ok
35% done
2018-Nov-02 17:27:37 Структура базы данных (check_mysql_table_structure): Ok
37% done
2018-Nov-02 17:27:37 Структура базы данных (check_mysql_table_structure): Ok
39% done
2018-Nov-02 17:27:37 Структура базы данных (check_mysql_table_structure): Ok
41% done
2018-Nov-02 17:27:37 Структура базы данных (check_mysql_table_structure): Ok
43% done
2018-Nov-02 17:27:37 Структура базы данных (check_mysql_table_structure): Ok
45% done
2018-Nov-02 17:27:37 Структура базы данных (check_mysql_table_structure): Ok
47% done
2018-Nov-02 17:27:38 Структура базы данных (check_mysql_table_structure): Ok
49% done
2018-Nov-02 17:27:38 Структура базы данных (check_mysql_table_structure): Ok
50% done
2018-Nov-02 17:27:38 Структура базы данных (check_mysql_table_structure): Ok
52% done
2018-Nov-02 17:27:38 Структура базы данных (check_mysql_table_structure): Ok
54% done
2018-Nov-02 17:27:38 Структура базы данных (check_mysql_table_structure): Ok
56% done
2018-Nov-02 17:27:38 Структура базы данных (check_mysql_table_structure): Ok
58% done
2018-Nov-02 17:27:38 Структура базы данных (check_mysql_table_structure): Ok
60% done
2018-Nov-02 17:27:38 Структура базы данных (check_mysql_table_structure): Ok
62% done
2018-Nov-02 17:27:38 Структура базы данных (check_mysql_table_structure): Ok
64% done
2018-Nov-02 17:27:39 Структура базы данных (check_mysql_table_structure): Ok
66% done
2018-Nov-02 17:27:39 Структура базы данных (check_mysql_table_structure): Ok
67% done
2018-Nov-02 17:27:39 Структура базы данных (check_mysql_table_structure): Ok
69% done
2018-Nov-02 17:27:39 Структура базы данных (check_mysql_table_structure): Ok
71% done
2018-Nov-02 17:27:39 Структура базы данных (check_mysql_table_structure): Ok
73% done
2018-Nov-02 17:27:39 Структура базы данных (check_mysql_table_structure): Ok
75% done
2018-Nov-02 17:27:39 Структура базы данных (check_mysql_table_structure): Ok
77% done
2018-Nov-02 17:27:39 Структура базы данных (check_mysql_table_structure): Ok
79% done
2018-Nov-02 17:27:40 Структура базы данных (check_mysql_table_structure): Ok
81% done
2018-Nov-02 17:27:40 Структура базы данных (check_mysql_table_structure): Ok
83% done
2018-Nov-02 17:27:40 Структура базы данных (check_mysql_table_structure): Ok
84% done
2018-Nov-02 17:27:40 Структура базы данных (check_mysql_table_structure): Ok
86% done
2018-Nov-02 17:27:40 Структура базы данных (check_mysql_table_structure): Ok
88% done
2018-Nov-02 17:27:40 Структура базы данных (check_mysql_table_structure): Ok
90% done
2018-Nov-02 17:27:40 Структура базы данных (check_mysql_table_structure): Ok
92% done
2018-Nov-02 17:27:40 Структура базы данных (check_mysql_table_structure): Ok
94% done
2018-Nov-02 17:27:40 Структура базы данных (check_mysql_table_structure): Ok
96% done
2018-Nov-02 17:27:40 Структура базы данных (check_mysql_table_structure): Ok
98% done
2018-Nov-02 17:27:40 Структура базы данных (check_mysql_table_structure): Ok
Успешно
